Log file open, 08/27/18 08:02:51
LogWindows: Failed to load 'aqProf.dll' (GetLastError=126)
LogWindows: File 'aqProf.dll' does not exist
LogWindows: Failed to load 'VSPerf140.dll' (GetLastError=126)
LogWindows: File 'VSPerf140.dll' does not exist
LogWindows: Failed to load 'VtuneApi.dll' (GetLastError=126)
LogWindows: File 'VtuneApi.dll' does not exist
LogWindows: Failed to load 'VtuneApi32e.dll' (GetLastError=126)
LogWindows: File 'VtuneApi32e.dll' does not exist
LogInit: Display: Running engine for game: EndlessRunning
LogPlatformFile: Not using cached read wrapper
LogTaskGraph: Started task graph with 5 named threads and 11 total threads with 3 sets of task threads.
LogStats: Stats thread started at 6.373893
LogD3D11RHI: Loaded GFSDK_Aftermath_Lib.x64.dll
LogICUInternationalization: Display: ICU TimeZone Detection - Raw Offset: -3:00, Platform Override: ''
LogPluginManager: Mounting plugin Paper2D
LogPluginManager: Mounting plugin AISupport
LogPluginManager: Mounting plugin CLionSourceCodeAccess
LogPluginManager: Mounting plugin CodeLiteSourceCodeAccess
LogPluginManager: Mounting plugin GitSourceControl
LogPluginManager: Mounting plugin KDevelopSourceCodeAccess
LogPluginManager: Mounting plugin NullSourceCodeAccess
LogPluginManager: Mounting plugin PerforceSourceControl
LogPluginManager: Mounting plugin SubversionSourceControl
LogPluginManager: Mounting plugin VisualStudioCodeSourceCodeAccess
LogPluginManager: Mounting plugin VisualStudioSourceCodeAccess
LogPluginManager: Mounting plugin XCodeSourceCodeAccess
LogPluginManager: Mounting plugin AssetManagerEditor
LogPluginManager: Mounting plugin DataValidation
LogPluginManager: Mounting plugin GameplayTagsEditor
LogPluginManager: Mounting plugin MacGraphicsSwitching
LogPluginManager: Mounting plugin MeshEditor
LogPluginManager: Mounting plugin MobileLauncherProfileWizard
LogPluginManager: Mounting plugin PluginBrowser
LogPluginManager: Mounting plugin SpeedTreeImporter
LogPluginManager: Mounting plugin AlembicImporter
LogPluginManager: Mounting plugin AppleImageUtils
LogPluginManager: Mounting plugin AppleVision
LogPluginManager: Mounting plugin BackChannel
LogPluginManager: Mounting plugin GeometryCache
LogPluginManager: Mounting plugin AndroidMedia
LogPluginManager: Mounting plugin AvfMedia
LogPluginManager: Mounting plugin ImgMedia
LogPluginManager: Mounting plugin MediaPlayerEditor
LogPluginManager: Mounting plugin TcpMessaging
LogPluginManager: Mounting plugin UdpMessaging
LogPluginManager: Mounting plugin ActorSequence
LogPluginManager: Mounting plugin LevelSequenceEditor
LogPluginManager: Mounting plugin MatineeToLevelSequence
LogPluginManager: Mounting plugin NetcodeUnitTest
LogPluginManager: Mounting plugin NUTUnrealEngine4
LogPluginManager: Mounting plugin OnlineSubsystemGooglePlay
LogPluginManager: Mounting plugin OnlineSubsystemIOS
LogPluginManager: Mounting plugin OnlineSubsystem
LogPluginManager: Mounting plugin OnlineSubsystemNull
LogPluginManager: Mounting plugin OnlineSubsystemUtils
LogPluginManager: Mounting plugin LauncherChunkInstaller
LogPluginManager: Mounting plugin AndroidDeviceProfileSelector
LogPluginManager: Mounting plugin AndroidMoviePlayer
LogPluginManager: Mounting plugin AndroidPermission
LogPluginManager: Mounting plugin AppleMoviePlayer
LogPluginManager: Mounting plugin EditableMesh
LogPluginManager: Mounting plugin ExampleDeviceProfileSelector
LogPluginManager: Mounting plugin GameplayAbilities
LogPluginManager: Mounting plugin GoogleCloudMessaging
LogPluginManager: Mounting plugin IOSDeviceProfileSelector
LogPluginManager: Mounting plugin LinuxDeviceProfileSelector
LogPluginManager: Mounting plugin MobilePatchingUtils
LogPluginManager: Mounting plugin SlateRemote
LogStreaming: Display: Took  0.882s to configure plugins.
LogInit: Using libcurl 7.55.1-DEV
LogInit:  - built for x86_64-pc-win32
LogInit:  - supports SSL with OpenSSL/1.0.2h
LogInit:  - supports HTTP deflate (compression) using libz 1.2.8
LogInit:  - other features:
LogInit:      CURL_VERSION_SSL
LogInit:      CURL_VERSION_LIBZ
LogInit:      CURL_VERSION_IPV6
LogInit:      CURL_VERSION_ASYNCHDNS
LogInit:      CURL_VERSION_LARGEFILE
LogInit:      CURL_VERSION_IDN
LogInit:  CurlRequestOptions (configurable via config and command line):
LogInit:  - bVerifyPeer = false  - Libcurl will NOT verify peer certificate
LogInit:  - bUseHttpProxy = false  - Libcurl will NOT use HTTP proxy
LogInit:  - bDontReuseConnections = false  - Libcurl will reuse connections
LogInit:  - CertBundlePath = nullptr  - Libcurl will use whatever was configured at build time.
LogInit:  - MaxHostConnections = 16  - Libcurl will limit the number of connections to a host
LogInit:  - LocalHostAddr = Default
LogInit:  - BufferSize = 65536
LogInit: WinSock: version 1.1 (2.2), MaxSocks=32767, MaxUdp=65467
LogInit: Build: ++UE4+Release-4.20-CL-4233996
LogInit: Engine Version: 4.20.1-4233996+++UE4+Release-4.20
LogInit: Compatible Engine Version: 4.20.0-4212847+++UE4+Release-4.20
LogInit: Net CL: 4212847
LogInit: OS: Windows 10 (), CPU: Intel(R) Core(TM) i5-7200U CPU @ 2.50GHz, GPU: Intel(R) HD Graphics 620
LogInit: Compiled (64-bit): Jul 26 2018 10:07:30
LogInit: Compiled with Visual C++: 19.13.26129.00
LogInit: Build Configuration: Development
LogInit: Branch Name: ++UE4+Release-4.20
LogInit: Command Line:  
LogInit: Base Directory: C:/UnrealEngine/UE_4.20/Engine/Binaries/Win64/
LogInit: Installed Engine Build: 1
LogDevObjectVersion: Number of dev versions registered: 20
LogDevObjectVersion:   Dev-Blueprints (B0D832E4-1F89-4F0D-ACCF-7EB736FD4AA2): 10
LogDevObjectVersion:   Dev-Build (E1C64328-A22C-4D53-A36C-8E866417BD8C): 0
LogDevObjectVersion:   Dev-Core (375EC13C-06E4-48FB-B500-84F0262A717E): 2
LogDevObjectVersion:   Dev-Editor (E4B068ED-F494-42E9-A231-DA0B2E46BB41): 24
LogDevObjectVersion:   Dev-Framework (CFFC743F-43B0-4480-9391-14DF171D2073): 34
LogDevObjectVersion:   Dev-Mobile (B02B49B5-BB20-44E9-A304-32B752E40360): 2
LogDevObjectVersion:   Dev-Networking (A4E4105C-59A1-49B5-A7C5-40C4547EDFEE): 0
LogDevObjectVersion:   Dev-Online (39C831C9-5AE6-47DC-9A44-9C173E1C8E7C): 0
LogDevObjectVersion:   Dev-Physics (78F01B33-EBEA-4F98-B9B4-84EACCB95AA2): 0
LogDevObjectVersion:   Dev-Platform (6631380F-2D4D-43E0-8009-CF276956A95A): 0
LogDevObjectVersion:   Dev-Rendering (12F88B9F-8875-4AFC-A67C-D90C383ABD29): 26
LogDevObjectVersion:   Dev-Sequencer (7B5AE74C-D270-4C10-A958-57980B212A5A): 9
LogDevObjectVersion:   Dev-VR (D7296918-1DD6-4BDD-9DE2-64A83CC13884): 2
LogDevObjectVersion:   Dev-LoadTimes (C2A15278-BFE7-4AFE-6C17-90FF531DF755): 1
LogDevObjectVersion:   Private-Geometry (6EACA3D4-40EC-4CC1-B786-8BED09428FC5): 3
LogDevObjectVersion:   Dev-AnimPhys (29E575DD-E0A3-4627-9D10-D276232CDCEA): 17
LogDevObjectVersion:   Dev-ReflectionCapture (6B266CEC-1EC7-4B8F-A30B-E4D90942FC07): 1
LogDevObjectVersion:   Dev-Automation (0DF73D61-A23F-47EA-B727-89E90C41499A): 1
LogDevObjectVersion:   FortniteMain (601D1886-AC64-4F84-AA16-D3DE0DEAC7D6): 12
LogDevObjectVersion:   Dev-Enterprise (9DFFBCD6-494F-0158-E221-12823C92A888): 1
LogStreaming: Display: Took  0.084s to delete old logs.
LogInit: Presizing for max 8388607 objects, including 0 objects not considered by GC, pre-allocating 0 bytes for permanent pool.
LogInit: Object subsystem initialized
[2018.08.27-11.02.54:934][  0]LogInit: Selected Device Profile: [Windows]
[2018.08.27-11.02.54:956][  0]LogInit: Applying CVar settings loaded from the selected device profile: [Windows]
[2018.08.27-11.02.55:075][  0]LogHAL: Display: Platform has ~ 4 GB [4198641664 / 4294967296 / 4], which maps to Smallest [LargestMinGB=32, LargerMinGB=12, DefaultMinGB=8, SmallerMinGB=6, SmallestMinGB=0)
[2018.08.27-11.02.55:087][  0]LogInit: Setting Device Profile CVar: [[r.Vulkan.UseRealUBs:1]]
[2018.08.27-11.02.55:098][  0]LogInit: Going up to parent DeviceProfile []
[2018.08.27-11.02.55:147][  0]LogInit: Computer: DESKTOP-787UAHE
[2018.08.27-11.02.55:147][  0]LogInit: User: WyKKe
[2018.08.27-11.02.55:147][  0]LogInit: CPU Page size=4096, Cores=2
[2018.08.27-11.02.55:147][  0]LogInit: High frequency timer resolution =2.648441 MHz
[2018.08.27-11.02.55:147][  0]LogMemory: Memory total: Physical=3.9GB (4GB approx)
[2018.08.27-11.02.55:147][  0]LogMemory: Platform Memory Stats for Windows
[2018.08.27-11.02.55:147][  0]LogMemory: Process Physical Memory: 97.68 MB used, 97.68 MB peak
[2018.08.27-11.02.55:147][  0]LogMemory: Process Virtual Memory: 83.68 MB used, 83.68 MB peak
[2018.08.27-11.02.55:147][  0]LogMemory: Physical Memory: 3137.11 MB used,  867.03 MB free, 4004.14 MB total
[2018.08.27-11.02.55:147][  0]LogMemory: Virtual Memory: 4610.20 MB used,  867.03 MB free, 134217728.00 MB total
[2018.08.27-11.02.56:317][  0]LogInit: Overriding language with editor language configuration option (en).
[2018.08.27-11.02.56:317][  0]LogInit: Overriding locale with editor locale configuration option (en).
[2018.08.27-11.02.57:411][  0]LogStreaming: Display: Took  0.984s to InitEngineTextLocalization.
[2018.08.27-11.02.57:425][  0]LogInit: Setting process to per monitor DPI aware
[2018.08.27-11.02.58:432][  0]LogSlate: New Slate User Created.  User Index 0, Is Virtual User: 0
[2018.08.27-11.02.58:432][  0]LogSlate: Slate User Registered.  User Index 0, Is Virtual User: 0
[2018.08.27-11.03.04:457][  0]LogD3D11RHI: D3D11 adapters:
[2018.08.27-11.03.04:721][  0]LogD3D11RHI:    0. 'Intel(R) HD Graphics 620' (Feature Level 11_0)
[2018.08.27-11.03.04:721][  0]LogD3D11RHI:       128/0/2002 MB DedicatedVideo/DedicatedSystem/SharedSystem, Outputs:1, VendorId:0x8086
[2018.08.27-11.03.04:832][  0]LogD3D11RHI:    1. 'Microsoft Basic Render Driver' (Feature Level 11_0)
[2018.08.27-11.03.04:832][  0]LogD3D11RHI:       0/0/2002 MB DedicatedVideo/DedicatedSystem/SharedSystem, Outputs:0, VendorId:0x1414
[2018.08.27-11.03.04:832][  0]LogD3D11RHI: Chosen D3D11 Adapter: 0
[2018.08.27-11.03.04:877][  0]LogD3D11RHI: Creating new Direct3DDevice
[2018.08.27-11.03.04:877][  0]LogD3D11RHI:     GPU DeviceId: 0x5916 (for the marketing name, search the web for "GPU Device Id")
[2018.08.27-11.03.04:893][  0]LogWindows: EnumDisplayDevices:
[2018.08.27-11.03.04:912][  0]LogWindows:    0. 'Intel(R) HD Graphics 620' (P:1 D:1)
[2018.08.27-11.03.04:912][  0]LogWindows:    1. 'Intel(R) HD Graphics 620' (P:0 D:0)
[2018.08.27-11.03.04:912][  0]LogWindows:    2. 'Intel(R) HD Graphics 620' (P:0 D:0)
[2018.08.27-11.03.04:912][  0]LogWindows: DebugString: FoundDriverCount:3 
[2018.08.27-11.03.04:912][  0]LogD3D11RHI:     Adapter Name: Intel(R) HD Graphics 620
[2018.08.27-11.03.04:912][  0]LogD3D11RHI:   Driver Version: 23.20.16.4973 (internal:23.20.16.4973, unified:23.20.16.4973)
[2018.08.27-11.03.04:912][  0]LogD3D11RHI:      Driver Date: 2-28-2018
[2018.08.27-11.03.04:912][  0]LogRHI: Texture pool is 790 MB (70% of 1129 MB)
[2018.08.27-11.03.05:109][  0]LogD3D11RHI: Async texture creation enabled
[2018.08.27-11.03.05:483][  0]LogD3D11RHI: GPU Timing Frequency: 12.000048 (Debug: 2 0)
[2018.08.27-11.03.05:582][  0]LogShaderCompilers: Guid format shader working directory is -32 characters bigger than the processId version (../../../../../Users/WyKKe/Documentos/Dev-u/EndlessRunning/Git/EndlessRunning/Intermediate/Shaders/WorkingDirectory/10556/).
[2018.08.27-11.03.05:582][  0]LogShaderCompilers: Cleaned the shader compiler working directory 'C:/Users/WyKKe/AppData/Local/Temp/UnrealShaderWorkingDir/A6438F0F4B9C83AF6AE5B5BB9A4353BB/'.
[2018.08.27-11.03.16:417][  0]LogTemp: Display: Loaded TP AllDesktopTargetPlatform
[2018.08.27-11.03.16:460][  0]LogTemp: Display: Loaded TP MacClientTargetPlatform
[2018.08.27-11.03.16:531][  0]LogTemp: Display: Loaded TP MacNoEditorTargetPlatform
[2018.08.27-11.03.16:593][  0]LogTemp: Display: Loaded TP MacServerTargetPlatform
[2018.08.27-11.03.16:685][  0]LogTemp: Display: Loaded TP MacTargetPlatform
[2018.08.27-11.03.16:734][  0]LogTemp: Display: Loaded TP WindowsClientTargetPlatform
[2018.08.27-11.03.16:778][  0]LogTemp: Display: Loaded TP WindowsNoEditorTargetPlatform
[2018.08.27-11.03.16:850][  0]LogTemp: Display: Loaded TP WindowsServerTargetPlatform
[2018.08.27-11.03.16:888][  0]LogTemp: Display: Loaded TP WindowsTargetPlatform
[2018.08.27-11.03.17:087][  0]LogTemp: Display: Loaded TP AndroidTargetPlatform
[2018.08.27-11.03.17:087][  0]LogTemp: Display: Loaded TP AndroidTargetPlatform
[2018.08.27-11.03.17:087][  0]LogTemp: Display: Loaded TP AndroidTargetPlatform
[2018.08.27-11.03.17:087][  0]LogTemp: Display: Loaded TP AndroidTargetPlatform
[2018.08.27-11.03.17:087][  0]LogTemp: Display: Loaded TP AndroidTargetPlatform
[2018.08.27-11.03.17:087][  0]LogTemp: Display: Loaded TP AndroidTargetPlatform
[2018.08.27-11.03.17:087][  0]LogTemp: Display: Loaded TP AndroidTargetPlatform
[2018.08.27-11.03.17:087][  0]LogTemp: Display: Loaded TP AndroidTargetPlatform
[2018.08.27-11.03.17:087][  0]LogTemp: Display: Loaded TP AndroidTargetPlatform
[2018.08.27-11.03.17:087][  0]LogTemp: Display: Loaded TP AndroidTargetPlatform
[2018.08.27-11.03.17:087][  0]LogTemp: Display: Loaded TP AndroidTargetPlatform
[2018.08.27-11.03.17:087][  0]LogTemp: Display: Loaded TP AndroidTargetPlatform
[2018.08.27-11.03.17:087][  0]LogTemp: Display: Loaded TP AndroidTargetPlatform
[2018.08.27-11.03.17:087][  0]LogTemp: Display: Loaded TP AndroidTargetPlatform
[2018.08.27-11.03.17:087][  0]LogTemp: Display: Loaded TP AndroidTargetPlatform
[2018.08.27-11.03.17:087][  0]LogTemp: Display: Loaded TP AndroidTargetPlatform
[2018.08.27-11.03.17:087][  0]LogTemp: Display: Loaded TP AndroidTargetPlatform
[2018.08.27-11.03.17:087][  0]LogTemp: Display: Loaded TP AndroidTargetPlatform
[2018.08.27-11.03.17:250][  0]LogTemp: Display: Loaded TP HTML5TargetPlatform
[2018.08.27-11.03.17:448][  0]LogTemp: Display: Loaded TP IOSTargetPlatform
[2018.08.27-11.03.17:449][  0]LogTemp: Display: Loaded TP IOSTargetPlatform
[2018.08.27-11.03.17:515][  0]LogTemp: Display: Loaded TP TVOSTargetPlatform
[2018.08.27-11.03.17:515][  0]LogTemp: Display: Loaded TP TVOSTargetPlatform
[2018.08.27-11.03.17:553][  0]LogTemp: Display: Loaded TP LinuxClientTargetPlatform
[2018.08.27-11.03.17:597][  0]LogTemp: Display: Loaded TP LinuxNoEditorTargetPlatform
[2018.08.27-11.03.17:635][  0]LogTemp: Display: Loaded TP LinuxServerTargetPlatform
[2018.08.27-11.03.17:711][  0]LogTemp: Display: Loaded TP LinuxTargetPlatform
[2018.08.27-11.03.17:739][  0]LogTemp: Display: Loaded TP LuminTargetPlatform
[2018.08.27-11.03.17:739][  0]LogTargetPlatformManager: Display: Building Assets For Windows
[2018.08.27-11.03.18:743][  0]LogXGEController: Cleaning working directory: C:/Users/WyKKe/AppData/Local/Temp/UnrealXGEWorkingDir/
[2018.08.27-11.03.18:745][  0]LogXGEController: Cannot use XGE Controller as Incredibuild is not installed on this machine.
[2018.08.27-11.03.18:745][  0]LogShaderCompilers: Cannot use XGE Shader Compiler as Incredibuild is not installed on this machine.
[2018.08.27-11.03.18:755][  0]LogShaderCompilers: Display: Using Local Shader Compiler.
[2018.08.27-11.03.23:970][  0]LogDerivedDataCache: Display: Max Cache Size: 512 MB
[2018.08.27-11.03.25:084][  0]LogDerivedDataCache: Loaded boot cache 1.08s 65MB C:/Users/WyKKe/AppData/Local/UnrealEngine/4.20/DerivedDataCache/Boot.ddc.
[2018.08.27-11.03.25:085][  0]LogDerivedDataCache: Display: Loaded Boot cache: C:/Users/WyKKe/AppData/Local/UnrealEngine/4.20/DerivedDataCache/Boot.ddc
[2018.08.27-11.03.25:085][  0]LogDerivedDataCache: FDerivedDataBackendGraph:  Pak pak cache file ../../../../../Users/WyKKe/Documentos/Dev-u/EndlessRunning/Git/EndlessRunning/DerivedDataCache/DDC.ddp not found, will not use a pak cache.
[2018.08.27-11.03.25:085][  0]LogDerivedDataCache: Unable to find inner node Pak for hierarchical cache Hierarchy.
[2018.08.27-11.03.25:085][  0]LogDerivedDataCache: FDerivedDataBackendGraph:  CompressedPak pak cache file ../../../../../Users/WyKKe/Documentos/Dev-u/EndlessRunning/Git/EndlessRunning/DerivedDataCache/Compressed.ddp not found, will not use a pak cache.
[2018.08.27-11.03.25:085][  0]LogDerivedDataCache: Unable to find inner node CompressedPak for hierarchical cache Hierarchy.
[2018.08.27-11.03.25:215][  0]LogDerivedDataCache: Display: Pak cache opened for reading ../../../Engine/DerivedDataCache/Compressed.ddp.
[2018.08.27-11.03.25:333][  0]LogDerivedDataCache: Using Local data cache path C:/Users/WyKKe/AppData/Local/UnrealEngine/Common/DerivedDataCache: Writable
[2018.08.27-11.03.25:333][  0]LogDerivedDataCache: Shared data cache path not found in *engine.ini, will not use an Shared cache.
[2018.08.27-11.03.25:333][  0]LogDerivedDataCache: Unable to find inner node Shared for hierarchical cache Hierarchy.
[2018.08.27-11.03.25:652][  0]LogMaterial: Verifying Global Shaders for PCD3D_SM5
[2018.08.27-11.03.25:958][  0]LogSlate: Using FreeType 2.6.0
[2018.08.27-11.03.26:156][  0]LogSlate: SlateFontServices - WITH_FREETYPE: 1, WITH_HARFBUZZ: 1
[2018.08.27-11.03.29:557][  0]LogAssetRegistry: FAssetRegistry took 0.0715 seconds to start up
[2018.08.27-11.03.43:232][  0]LogInit: Selected Device Profile: [Windows]
[2018.08.27-11.03.49:839][  0]LogSimplygon: Simplygon DLL not present - disabling.
[2018.08.27-11.03.49:894][  0]LogMeshReduction: Using SimplygonSwarm for distributed automatic mesh merging
[2018.08.27-11.03.49:950][  0]LogMeshReduction: Using QuadricMeshReduction for automatic static mesh reduction
[2018.08.27-11.03.49:950][  0]LogMeshReduction: No automatic skeletal mesh reduction module available
[2018.08.27-11.03.49:950][  0]LogMeshReduction: No automatic mesh merging module available
[2018.08.27-11.03.49:950][  0]LogMeshMerging: No automatic mesh merging module available
[2018.08.27-11.03.52:180][  0]LogNetVersion: EndlessRunning 1.0.0, NetCL: 4212847, EngineNetVer: 5, GameNetVer: 0 (Checksum: 2830718741)
[2018.08.27-11.04.06:215][  0]LogPackageLocalizationCache: Processed 4 localized package path(s) for 1 prioritized culture(s) in 0.271078 seconds
[2018.08.27-11.04.06:341][  0]LogUObjectArray: 37353 objects as part of root set at end of initial load.
[2018.08.27-11.04.06:341][  0]LogUObjectAllocator: 6485048 out of 0 bytes used by permanent object pool.
[2018.08.27-11.04.06:341][  0]LogUObjectArray: CloseDisregardForGC: 0/0 objects in disregard for GC pool
[2018.08.27-11.04.46:621][  0]LogTcpMessaging: Initializing TcpMessaging bridge
[2018.08.27-11.04.46:690][  0]LogUdpMessaging: Initializing bridge on interface 0.0.0.0:0 to multicast group 230.0.0.1:6666.
[2018.08.27-11.04.47:735][  0]LogStats: UGameplayTagsManager::ConstructGameplayTagTree: ImportINI prefixes -  0.012 s
[2018.08.27-11.04.47:735][  0]LogStats: UGameplayTagsManager::ConstructGameplayTagTree: Construct from data asset -  0.000 s
[2018.08.27-11.04.47:737][  0]LogStats: UGameplayTagsManager::ConstructGameplayTagTree: ImportINI -  0.002 s
[2018.08.27-11.04.47:738][  0]LogStats: UGameplayTagsManager::ConstructGameplayTagTree: GameplayTagTreeChangedEvent.Broadcast -  0.000 s
[2018.08.27-11.04.49:288][  0]SourceControl: Source control is disabled
[2018.08.27-11.04.49:300][  0]SourceControl: Source control is disabled
[2018.08.27-11.04.49:691][  0]SourceControl: Source control is disabled
[2018.08.27-11.04.49:728][  0]SourceControl: Source control is disabled
[2018.08.27-11.04.52:152][  0]LogAndroidPermission: UAndroidPermissionCallbackProxy::GetInstance
[2018.08.27-11.04.55:765][  0]LogEngine: Initializing Engine...
[2018.08.27-11.04.59:139][  0]LogInit: Initializing FReadOnlyCVARCache
[2018.08.27-11.05.01:554][  0]LogAIModule: Creating AISystem for world Untitled
[2018.08.27-11.05.02:460][  0]LogInit: XAudio2 using 'Alto-falantes (USB Audio Device)' : 2 channels at 48 kHz using 16 bits per sample (channel mask 0x3)
[2018.08.27-11.05.02:802][  0]LogInit: FAudioDevice initialized.
[2018.08.27-11.05.02:817][  0]LogNetVersion: Set ProjectVersion to Alpha 2. Version Checksum will be recalculated on next use.
[2018.08.27-11.05.03:312][  0]LogDerivedDataCache: Saved boot cache 0.46s 65MB C:/Users/WyKKe/AppData/Local/UnrealEngine/4.20/DerivedDataCache/Boot.ddc.
[2018.08.27-11.05.03:355][  0]LogInit: Texture streaming: Enabled
[2018.08.27-11.05.05:787][  0]LogEngineSessionManager: EngineSessionManager initialized
[2018.08.27-11.05.06:309][  0]LogInit: Transaction tracking system initialized
[2018.08.27-11.05.08:317][  0]BlueprintLog: New page: Editor Load
[2018.08.27-11.05.15:665][  0]LocalizationService: Localization service is disabled
[2018.08.27-11.05.34:599][  0]LogCook: Display: Max memory allowance for cook 16384mb min free memory 0mb
[2018.08.27-11.05.34:612][  0]LogCook: Display: Mobile HDR setting 0
[2018.08.27-11.05.34:648][  0]LogGameplayTags: Display: UGameplayTagsManager::DoneAddingNativeTags. DelegateIsBound: 0
[2018.08.27-11.05.34:648][  0]LogStats: UGameplayTagsManager::ConstructGameplayTagTree: ImportINI prefixes -  0.000 s
[2018.08.27-11.05.34:649][  0]LogStats: UGameplayTagsManager::ConstructGameplayTagTree: Construct from data asset -  0.000 s
[2018.08.27-11.05.34:649][  0]LogStats: UGameplayTagsManager::ConstructGameplayTagTree: ImportINI -  0.000 s
[2018.08.27-11.05.34:739][  0]LogStats: FGameplayAbilitiesEditorModule::GameplayTagTreeChanged -  0.046 s
[2018.08.27-11.05.34:739][  0]LogStats: UGameplayTagsManager::ConstructGameplayTagTree: GameplayTagTreeChangedEvent.Broadcast -  0.091 s
[2018.08.27-11.05.36:424][  0]LogFileCache: Scanning file cache for directory 'C:/Users/WyKKe/Documentos/Dev-u/EndlessRunning/Git/EndlessRunning/Content/' took 1.95s
[2018.08.27-11.05.40:394][  0]SourceControl: Source control is disabled
[2018.08.27-11.05.40:467][  0]Cmd: MAP LOAD FILE="../../../../../Users/WyKKe/Documentos/Dev-u/EndlessRunning/Git/EndlessRunning/Content/Project/Levels/NewGame.umap" TEMPLATE=0 SHOWPROGRESS=1 FEATURELEVEL=3
[2018.08.27-11.05.40:752][  0]LightingResults: New page: Lighting Build
[2018.08.27-11.05.41:909][  0]MapCheck: New page: Map Check
[2018.08.27-11.05.41:909][  0]LightingResults: New page: Lighting Build
[2018.08.27-11.05.41:982][  0]LogGarbage: Warning: 14.494942 ms for acquiring GC lock
[2018.08.27-11.05.49:355][  0]LogAIModule: Creating AISystem for world NewGame
[2018.08.27-11.05.50:020][  0]LogEditorServer: Finished looking for orphan Actors (0.006 secs)
[2018.08.27-11.05.51:354][  0]Cmd: MAP CHECKDEP NOCLEARLOG
[2018.08.27-11.05.54:783][  0]MapCheck: Map check complete: 0 Error(s), 0 Warning(s), took 3,429.048ms to complete.
[2018.08.27-11.05.54:822][  0]LogFileHelpers: Loading map 'NewGame' took 14.389
[2018.08.27-11.06.00:783][  0]LogSlate: Updating window title bar state: overlay mode, drag disabled, window buttons hidden, title bar hidden
[2018.08.27-11.06.00:870][  0]LogSlate: Updating window title bar state: overlay mode, drag disabled, window buttons hidden, title bar hidden
[2018.08.27-11.06.00:883][  0]LogSlate: Updating window title bar state: overlay mode, drag disabled, window buttons hidden, title bar hidden
[2018.08.27-11.06.00:895][  0]LogSlate: Updating window title bar state: overlay mode, drag disabled, window buttons hidden, title bar hidden
[2018.08.27-11.06.01:245][  0]LogCollectionManager: Loaded 0 collections in 0.002920 seconds
[2018.08.27-11.06.01:703][  0]LogFileCache: Scanning file cache for directory 'C:/Users/WyKKe/Documentos/Dev-u/EndlessRunning/Git/EndlessRunning/Saved/Collections/' took 0.01s
[2018.08.27-11.06.01:703][  0]LogFileCache: Scanning file cache for directory 'C:/Users/WyKKe/Documentos/Dev-u/EndlessRunning/Git/EndlessRunning/Content/Developers/WyKKe/Collections/' took 0.01s
[2018.08.27-11.06.01:703][  0]LogFileCache: Scanning file cache for directory 'C:/Users/WyKKe/Documentos/Dev-u/EndlessRunning/Git/EndlessRunning/Content/Collections/' took 0.01s
[2018.08.27-11.06.01:703][  0]LogCollectionManager: Rebuilt the GUID cache for 0 collections in 0.000000 seconds
[2018.08.27-11.06.01:831][  0]LogContentBrowser: Native class hierarchy populated in 0.0305 seconds. Added 2575 classes and 521 folders.
[2018.08.27-11.06.02:119][  0]LogContentBrowser: Native class hierarchy updated for 'WidgetCarousel' in 0.0003 seconds. Added 0 classes and 0 folders.
[2018.08.27-11.06.03:831][  0]LogContentBrowser: Native class hierarchy updated for 'AddContentDialog' in 0.0003 seconds. Added 0 classes and 0 folders.
[2018.08.27-11.06.03:917][  0]LogContentBrowser: Native class hierarchy updated for 'SceneOutliner' in 0.0003 seconds. Added 1 classes and 2 folders.
[2018.08.27-11.06.05:243][  0]LogSlate: Took 0.121721 seconds to synchronously load lazily loaded font '../../../Engine/Content/Slate/Fonts/Roboto-Regular.ttf' (155K)
[2018.08.27-11.06.05:448][  0]LogSlate: Took 0.023756 seconds to synchronously load lazily loaded font '../../../Engine/Content/Slate/Fonts/Roboto-Bold.ttf' (160K)
[2018.08.27-11.06.05:559][  0]LogSlate: Took 0.035901 seconds to synchronously load lazily loaded font '../../../Engine/Content/Editor/Slate/Fonts/FontAwesome.ttf' (139K)
[2018.08.27-11.06.07:177][  0]LogRenderer: Reallocating scene render targets to support 852x244 Format 10 NumSamples 1 (Frame:1).
[2018.08.27-11.06.10:393][  0]LogContentBrowser: Native class hierarchy updated for 'HierarchicalLODOutliner' in 0.0003 seconds. Added 0 classes and 0 folders.
[2018.08.27-11.06.10:393][  0]LogLoad: (Engine Initialization) Total time: 231.61 seconds
[2018.08.27-11.06.10:393][  0]LogLoad: (Engine Initialization) Total Blueprint compile time: 0.00 seconds
[2018.08.27-11.06.11:759][  0]LogContentStreaming: Texture pool size now 3000 MB
[2018.08.27-11.06.12:741][  1]LogSlate: Took 0.023335 seconds to synchronously load lazily loaded font '../../../Engine/Content/Slate/Fonts/Roboto-Light.ttf' (167K)
[2018.08.27-11.06.13:000][  2]LogSlate: Took 0.000279 seconds to synchronously load lazily loaded font '../../../Engine/Content/Slate/Fonts/Roboto-Light.ttf' (167K)
[2018.08.27-11.06.13:285][  5]LogAssetRegistry: Asset discovery search completed in 163.7815 seconds
[2018.08.27-11.06.13:333][  5]LogCollectionManager: Rebuilt the object cache for 0 collections in 0.000001 seconds (found 0 objects)
[2018.08.27-11.06.13:333][  5]LogCollectionManager: Fixed up redirectors for 0 collections in 0.021404 seconds (updated 0 objects)
[2018.08.27-11.06.20:004][ 25]LogSlate: FSceneViewport::OnFocusLost() reason 0
[2018.08.27-11.07.05:200][ 27]LogAssetEditorManager: Opening Asset editor for Blueprint /Game/Project/Main_GameMode.Main_GameMode
[2018.08.27-11.07.08:663][ 27]LogContentBrowser: Native class hierarchy updated for 'BlueprintGraph' in 0.0007 seconds. Added 116 classes and 0 folders.
[2018.08.27-11.07.20:079][ 27]LogRenderer: Reallocating scene render targets to support 852x256 Format 10 NumSamples 1 (Frame:1).
[2018.08.27-11.07.20:079][ 27]LogSlate: Took 0.124887 seconds to synchronously load lazily loaded font '../../../Engine/Content/Slate/Fonts/Roboto-BoldCondensed.ttf' (158K)
[2018.08.27-11.07.37:851][ 28]LogSlate: Took 0.110247 seconds to synchronously load lazily loaded font '../../../Engine/Content/Slate/Fonts/Roboto-Italic.ttf' (157K)
[2018.08.27-11.09.34:216][225]LogAssetEditorManager: Opening Asset editor for WidgetBlueprint /Game/Project/HUD/Loading/Loading_Intro.Loading_Intro
[2018.08.27-11.10.10:012][ 93]LogSlate: Window 'Loading_Intro' being destroyed
[2018.08.27-11.10.49:346][412]LogAssetEditorManager: Opening Asset editor for LevelScriptBlueprint /Game/Project/Levels/NewGame.NewGame:PersistentLevel.NewGame
